<?xml version="1.0" encoding="UTF-8"?>
<!-- Generated by org.testng.reporters.JUnitReportReporter -->
<testsuite hostname="LAPTOP-SOT6J1EH" failures="0" tests="1" name="org.example.ZapTest" time="128.654" errors="0" timestamp="06 May 2023 05:31:12 GMT" skipped="0">
  <testcase classname="org.example.ZapTest" name="demoTest" time="128.654"/>
</testsuite> <!-- org.example.ZapTest -->
